<?xml version="1.0" encoding="UTF-8"?>
<testsuite name="com.CricketGame.GameOfCricket.testValidator.MinimumBowlersRequiredValidatorTest" tests="1" skipped="0" failures="0" errors="0" timestamp="2023-03-10T12:19:27" hostname="MBP-HXVMVF2DJC" time="0.001">
  <properties/>
  <testcase name="testMinimumBowlerRequiredValidator()" classname="com.CricketGame.GameOfCricket.testValidator.MinimumBowlersRequiredValidatorTest" time="0.001"/>
  <system-out><![CDATA[]]></system-out>
  <system-err><![CDATA[]]></system-err>
</testsuite>
