<?xml version="1.0" encoding="UTF-8"?>
<testsuite name="com.CricketGame.GameOfCricket.GameOfCricketApplicationTests" tests="1" skipped="0" failures="0" errors="0" timestamp="2023-03-10T09:05:27" hostname="MBP-HXVMVF2DJC" time="0.104">
  <properties/>
  <testcase name="contextLoads()" classname="com.CricketGame.GameOfCricket.GameOfCricketApplicationTests" time="0.104"/>
  <system-out><![CDATA[14:35:24.561 [Test worker] DEBUG org.springframework.boot.test.context.SpringBootTestContextBootstrapper - Neither @ContextConfiguration nor @ContextHierarchy found for test class [GameOfCricketApplicationTests]: using SpringBootContextLoader
14:35:24.565 [Test worker] DEBUG org.springframework.test.context.support.AbstractContextLoader - Could not detect default resource locations for test class [com.CricketGame.GameOfCricket.GameOfCricketApplicationTests]: no resource found for suffixes {-context.xml, Context.groovy}.
14:35:24.565 [Test worker] INFO org.springframework.test.context.support.AnnotationConfigContextLoaderUtils - Could not detect default configuration classes for test class [com.CricketGame.GameOfCricket.GameOfCricketApplicationTests]: GameOfCricketApplicationTests does not declare any static, non-private, non-final, nested classes annotated with @Configuration.
14:35:24.580 [Test worker] DEBUG org.springframework.boot.test.context.SpringBootTestContextBootstrapper - Using ContextCustomizers for test class [GameOfCricketApplicationTests]: [DisableObservabilityContextCustomizer, PropertyMappingContextCustomizer, Customizer, ExcludeFilterContextCustomizer, DuplicateJsonObjectContextCustomizer, MockitoContextCustomizer, TestRestTemplateContextCustomizer]
14:35:24.641 [Test worker] DEBUG org.springframework.context.annotation.ClassPathScanningCandidateComponentProvider - Identified candidate component class: file [/Users/ogarg/Documents/tekion_training/backend-training/GameOfCricket/build/classes/java/main/com/CricketGame/GameOfCricket/GameOfCricketApplication.class]
14:35:24.642 [Test worker] INFO org.springframework.boot.test.context.SpringBootTestContextBootstrapper - Found @SpringBootConfiguration com.CricketGame.GameOfCricket.GameOfCricketApplication for test class com.CricketGame.GameOfCricket.GameOfCricketApplicationTests
14:35:24.719 [Test worker] DEBUG org.springframework.boot.test.context.SpringBootTestContextBootstrapper - Using TestExecutionListeners for test class [GameOfCricketApplicationTests]: [ServletTestExecutionListener, DirtiesContextBeforeModesTestExecutionListener, ApplicationEventsTestExecutionListener, MockitoTestExecutionListener, DependencyInjectionTestExecutionListener, DirtiesContextTestExecutionListener, TransactionalTestExecutionListener, SqlScriptsTestExecutionListener, EventPublishingTestExecutionListener, RestDocsTestExecutionListener, MockRestServiceServerResetTestExecutionListener, MockMvcPrintOnlyOnFailureTestExecutionListener, WebDriverTestExecutionListener, MockWebServiceServerTestExecutionListener, ResetMocksTestExecutionListener]
14:35:24.720 [Test worker] DEBUG org.springframework.test.context.support.AbstractDirtiesContextTestExecutionListener - Before test class: class [GameOfCricketApplicationTests], class annotated with @DirtiesContext [false] with mode [null]

  .   ____          _            __ _ _
 /\\ / ___'_ __ _ _(_)_ __  __ _ \ \ \ \
( ( )\___ | '_ | '_| | '_ \/ _` | \ \ \ \
 \\/  ___)| |_)| | | | | || (_| |  ) ) ) )
  '  |____| .__|_| |_|_| |_\__, | / / / /
 =========|_|==============|___/=/_/_/_/
 :: Spring Boot ::                (v3.0.2)

2023-03-10T14:35:24.916+05:30  INFO 78842 --- [    Test worker] c.C.G.GameOfCricketApplicationTests      : Starting GameOfCricketApplicationTests using Java 19.0.2 with PID 78842 (started by ogarg in /Users/ogarg/Documents/tekion_training/backend-training/GameOfCricket)
2023-03-10T14:35:24.917+05:30  INFO 78842 --- [    Test worker] c.C.G.GameOfCricketApplicationTests      : No active profile set, falling back to 1 default profile: "default"
2023-03-10T14:35:25.339+05:30  INFO 78842 --- [    Test worker] .s.d.r.c.RepositoryConfigurationDelegate : Bootstrapping Spring Data JPA repositories in DEFAULT mode.
2023-03-10T14:35:25.387+05:30  INFO 78842 --- [    Test worker] .s.d.r.c.RepositoryConfigurationDelegate : Finished Spring Data repository scanning in 42 ms. Found 7 JPA repository interfaces.
2023-03-10T14:35:25.667+05:30  INFO 78842 --- [    Test worker] o.hibernate.jpa.internal.util.LogHelper  : HHH000204: Processing PersistenceUnitInfo [name: default]
2023-03-10T14:35:25.706+05:30  INFO 78842 --- [    Test worker] org.hibernate.Version                    : HHH000412: Hibernate ORM core version 6.1.6.Final
2023-03-10T14:35:25.827+05:30  WARN 78842 --- [    Test worker] org.hibernate.orm.deprecation            : HHH90000021: Encountered deprecated setting [javax.persistence.sharedCache.mode], use [jakarta.persistence.sharedCache.mode] instead
2023-03-10T14:35:25.908+05:30  INFO 78842 --- [    Test worker] com.zaxxer.hikari.HikariDataSource       : HikariPool-1 - Starting...
2023-03-10T14:35:26.139+05:30  INFO 78842 --- [    Test worker] com.zaxxer.hikari.pool.HikariPool        : HikariPool-1 - Added connection com.mysql.cj.jdbc.ConnectionImpl@7f2ca6f8
2023-03-10T14:35:26.140+05:30  INFO 78842 --- [    Test worker] com.zaxxer.hikari.HikariDataSource       : HikariPool-1 - Start completed.
2023-03-10T14:35:26.155+05:30  INFO 78842 --- [    Test worker] SQL dialect                              : HHH000400: Using dialect: org.hibernate.dialect.MySQL57Dialect
2023-03-10T14:35:26.155+05:30  WARN 78842 --- [    Test worker] org.hibernate.orm.deprecation            : HHH90000026: MySQL57Dialect has been deprecated; use org.hibernate.dialect.MySQLDialect instead
Hibernate: drop table if exists ball
Hibernate: drop table if exists ball_seq
Hibernate: drop table if exists batsman_stats
Hibernate: drop table if exists bowler_stats
Hibernate: drop table if exists innings
Hibernate: drop table if exists innings_seq
Hibernate: drop table if exists `match`
Hibernate: drop table if exists player
Hibernate: drop table if exists player_seq
Hibernate: drop table if exists team
Hibernate: drop table if exists team_seq
Hibernate: create table ball (id bigint not null, inning_id bigint not null, match_id bigint not null, ball_number integer not null, batsman_id bigint, bowler_id bigint, runs varchar(255), primary key (id, inning_id, match_id)) engine=InnoDB
Hibernate: create table ball_seq (next_val bigint) engine=InnoDB
Hibernate: insert into ball_seq values ( 1 )
Hibernate: create table batsman_stats (id bigint not null auto_increment, bowled_by bigint, number_of_fours integer not null, number_of_sixes integer not null, total_balls_played integer not null, total_runs_made integer not null, primary key (id)) engine=InnoDB
Hibernate: create table bowler_stats (id bigint not null auto_increment, number_of_balls_taken integer not null, number_of_wicket_taken integer not null, primary key (id)) engine=InnoDB
Hibernate: create table innings (id bigint not null, match_id bigint not null, batting_team bigint, bowling_team bigint, is_first_inning bit, primary key (id, match_id)) engine=InnoDB
Hibernate: create table innings_seq (next_val bigint) engine=InnoDB
Hibernate: insert into innings_seq values ( 1 )
Hibernate: create table `match` (id bigint not null auto_increment, team_strength integer, overs integer not null, target integer not null, winner_team bigint, primary key (id)) engine=InnoDB
Hibernate: create table player (id bigint not null, match_id bigint not null, team_id bigint not null, batsman_stats_id bigint, batting_order_number integer, bowling_stats_id bigint, name varchar(255), player_role varchar(255), primary key (id, match_id, team_id)) engine=InnoDB
Hibernate: create table player_seq (next_val bigint) engine=InnoDB
Hibernate: insert into player_seq values ( 1 )
Hibernate: create table team (id bigint not null, match_id bigint not null, name varchar(255), total_runs integer not null, wickets integer not null, primary key (id, match_id)) engine=InnoDB
Hibernate: create table team_seq (next_val bigint) engine=InnoDB
Hibernate: insert into team_seq values ( 1 )
Hibernate: create index idx_winner_team_id on `match` (winner_team)
Hibernate: create index idx_player_name on player (name)
Hibernate: create index idx_player_role on player (player_role)
Hibernate: create index idx_batting_order_number on player (batting_order_number)
Hibernate: create index idx_team_name on team (name)
Hibernate: create index idx_match_id on team (match_id)
2023-03-10T14:35:26.947+05:30  INFO 78842 --- [    Test worker] o.h.e.t.j.p.i.JtaPlatformInitiator       : HHH000490: Using JtaPlatform implementation: [org.hibernate.engine.transaction.jta.platform.internal.NoJtaPlatform]
2023-03-10T14:35:26.953+05:30  INFO 78842 --- [    Test worker] j.LocalContainerEntityManagerFactoryBean : Initialized JPA EntityManagerFactory for persistence unit 'default'
2023-03-10T14:35:27.523+05:30  WARN 78842 --- [    Test worker] JpaBaseConfiguration$JpaWebConfiguration : spring.jpa.open-in-view is enabled by default. Therefore, database queries may be performed during view rendering. Explicitly configure spring.jpa.open-in-view to disable this warning
2023-03-10T14:35:27.762+05:30  INFO 78842 --- [    Test worker] c.C.G.GameOfCricketApplicationTests      : Started GameOfCricketApplicationTests in 3.007 seconds (process running for 3.888)
]]></system-out>
  <system-err><![CDATA[[2023.03.10 14:35:24] (Coverage): Error during class instrumentation: org.springframework.boot.logging.log4j2.Log4J2LoggingSystem: java.lang.RuntimeException: java.io.IOException: Class org/apache/logging/log4j/core/config/composite/CompositeConfiguration not found
]]></system-err>
</testsuite>
