<?xml version="1.0" encoding="UTF-8"?>
<testsuite name="com.CricketGame.GameOfCricket.testRunsSelector.RunsSelectorTest" tests="2" skipped="0" failures="0" errors="0" timestamp="2023-03-10T11:17:52" hostname="MBP-HXVMVF2DJC" time="0.003">
  <properties/>
  <testcase name="testGetRandomRunsForBowler()" classname="com.CricketGame.GameOfCricket.testRunsSelector.RunsSelectorTest" time="0.002"/>
  <testcase name="testGetRandomRunsForBatsman()" classname="com.CricketGame.GameOfCricket.testRunsSelector.RunsSelectorTest" time="0.001"/>
  <system-out><![CDATA[2023-03-10T16:47:52.666+05:30  INFO 82351 --- [    Test worker] t.c.s.AnnotationConfigContextLoaderUtils : Could not detect default configuration classes for test class [com.CricketGame.GameOfCricket.testRunsSelector.RunsSelectorTest]: RunsSelectorTest does not declare any static, non-private, non-final, nested classes annotated with @Configuration.
2023-03-10T16:47:52.669+05:30  INFO 82351 --- [    Test worker] .b.t.c.SpringBootTestContextBootstrapper : Found @SpringBootConfiguration com.CricketGame.GameOfCricket.GameOfCricketApplication for test class com.CricketGame.GameOfCricket.testRunsSelector.RunsSelectorTest
]]></system-out>
  <system-err><![CDATA[]]></system-err>
</testsuite>
