<?xml version="1.0" encoding="UTF-8"?>
<testsuite name="com.CricketGame.GameOfCricket.testResults.InningsResultTest" tests="2" skipped="0" failures="0" errors="0" timestamp="2023-03-13T05:06:11" hostname="MBP-HXVMVF2DJC" time="0.007">
  <properties/>
  <testcase name="testGetNumberOfOverTaken()" classname="com.CricketGame.GameOfCricket.testResults.InningsResultTest" time="0.005"/>
  <testcase name="testGetTotalNumberOfOverPlayed()" classname="com.CricketGame.GameOfCricket.testResults.InningsResultTest" time="0.001"/>
  <system-out><![CDATA[]]></system-out>
  <system-err><![CDATA[]]></system-err>
</testsuite>
