<?xml version="1.0" encoding="UTF-8"?>
<testsuite name="com.CricketGame.GameOfCricket.testPlayerSelector.BatsmanSelectorTest" tests="1" skipped="0" failures="0" errors="0" timestamp="2023-03-10T11:17:52" hostname="MBP-HXVMVF2DJC" time="0.001">
  <properties/>
  <testcase name="testChooseBatsman()" classname="com.CricketGame.GameOfCricket.testPlayerSelector.BatsmanSelectorTest" time="0.001"/>
  <system-out><![CDATA[2023-03-10T16:47:52.650+05:30  INFO 82351 --- [    Test worker] t.c.s.AnnotationConfigContextLoaderUtils : Could not detect default configuration classes for test class [com.CricketGame.GameOfCricket.testPlayerSelector.BatsmanSelectorTest]: BatsmanSelectorTest does not declare any static, non-private, non-final, nested classes annotated with @Configuration.
2023-03-10T16:47:52.654+05:30  INFO 82351 --- [    Test worker] .b.t.c.SpringBootTestContextBootstrapper : Found @SpringBootConfiguration com.CricketGame.GameOfCricket.GameOfCricketApplication for test class com.CricketGame.GameOfCricket.testPlayerSelector.BatsmanSelectorTest
]]></system-out>
  <system-err><![CDATA[]]></system-err>
</testsuite>
