<?xml version="1.0" encoding="UTF-8"?>
<testsuite name="com.CricketGame.GameOfCricket.testPlayerSelector.BowlerSelectorTest" tests="1" skipped="0" failures="0" errors="0" timestamp="2023-03-10T11:22:18" hostname="MBP-HXVMVF2DJC" time="0.002">
  <properties/>
  <testcase name="testChooseBowler()" classname="com.CricketGame.GameOfCricket.testPlayerSelector.BowlerSelectorTest" time="0.002"/>
  <system-out><![CDATA[2023-03-10T16:52:18.246+05:30  INFO 82505 --- [    Test worker] t.c.s.AnnotationConfigContextLoaderUtils : Could not detect default configuration classes for test class [com.CricketGame.GameOfCricket.testPlayerSelector.BowlerSelectorTest]: BowlerSelectorTest does not declare any static, non-private, non-final, nested classes annotated with @Configuration.
2023-03-10T16:52:18.246+05:30  INFO 82505 --- [    Test worker] .b.t.c.SpringBootTestContextBootstrapper : Found @SpringBootConfiguration com.CricketGame.GameOfCricket.GameOfCricketApplication for test class com.CricketGame.GameOfCricket.testPlayerSelector.BowlerSelectorTest
]]></system-out>
  <system-err><![CDATA[]]></system-err>
</testsuite>
