<?xml version="1.0" encoding="UTF-8"?>
<testsuite name="com.CricketGame.GameOfCricket.testServices.BatsmanStatsServiceTest" tests="1" skipped="0" failures="0" errors="0" timestamp="2023-03-10T12:37:12" hostname="MBP-HXVMVF2DJC" time="0.003">
  <properties/>
  <testcase name="testSaveBatsmanStats()" classname="com.CricketGame.GameOfCricket.testServices.BatsmanStatsServiceTest" time="0.003"/>
  <system-out><![CDATA[]]></system-out>
  <system-err><![CDATA[]]></system-err>
</testsuite>
