<?xml version="1.0" encoding="UTF-8"?>
<testsuite name="com.CricketGame.GameOfCricket.testValidator.ValidatePlayerRoleTest" tests="1" skipped="0" failures="0" errors="0" timestamp="2023-03-10T12:37:12" hostname="MBP-HXVMVF2DJC" time="0.001">
  <properties/>
  <testcase name="testIsValid()" classname="com.CricketGame.GameOfCricket.testValidator.ValidatePlayerRoleTest" time="0.001"/>
  <system-out><![CDATA[]]></system-out>
  <system-err><![CDATA[]]></system-err>
</testsuite>
