<?xml version="1.0" encoding="UTF-8"?>
<testsuite name="com.CricketGame.GameOfCricket.testMapper.MatchMapperTest" tests="2" skipped="0" failures="0" errors="0" timestamp="2023-03-10T12:37:12" hostname="MBP-HXVMVF2DJC" time="0.005">
  <properties/>
  <testcase name="toMatchDtoTest()" classname="com.CricketGame.GameOfCricket.testMapper.MatchMapperTest" time="0.002"/>
  <testcase name="toMatchTest()" classname="com.CricketGame.GameOfCricket.testMapper.MatchMapperTest" time="0.002"/>
  <system-out><![CDATA[2023-03-10T18:07:12.112+05:30  INFO 83803 --- [    Test worker] t.c.s.AnnotationConfigContextLoaderUtils : Could not detect default configuration classes for test class [com.CricketGame.GameOfCricket.testMapper.MatchMapperTest]: MatchMapperTest does not declare any static, non-private, non-final, nested classes annotated with @Configuration.
2023-03-10T18:07:12.116+05:30  INFO 83803 --- [    Test worker] .b.t.c.SpringBootTestContextBootstrapper : Found @SpringBootConfiguration com.CricketGame.GameOfCricket.GameOfCricketApplication for test class com.CricketGame.GameOfCricket.testMapper.MatchMapperTest
]]></system-out>
  <system-err><![CDATA[]]></system-err>
</testsuite>
