<?xml version="1.0" encoding="UTF-8"?>
<testsuite name="com.CricketGame.GameOfCricket.testMapper.TeamMapperTest" tests="2" skipped="0" failures="0" errors="0" timestamp="2023-03-10T09:05:27" hostname="MBP-HXVMVF2DJC" time="0.004">
  <properties/>
  <testcase name="toTeamTest()" classname="com.CricketGame.GameOfCricket.testMapper.TeamMapperTest" time="0.002"/>
  <testcase name="toTeamDtoTest()" classname="com.CricketGame.GameOfCricket.testMapper.TeamMapperTest" time="0.001"/>
  <system-out><![CDATA[2023-03-10T14:35:27.930+05:30  INFO 78842 --- [    Test worker] t.c.s.AnnotationConfigContextLoaderUtils : Could not detect default configuration classes for test class [com.CricketGame.GameOfCricket.testMapper.TeamMapperTest]: TeamMapperTest does not declare any static, non-private, non-final, nested classes annotated with @Configuration.
2023-03-10T14:35:27.931+05:30  INFO 78842 --- [    Test worker] .b.t.c.SpringBootTestContextBootstrapper : Found @SpringBootConfiguration com.CricketGame.GameOfCricket.GameOfCricketApplication for test class com.CricketGame.GameOfCricket.testMapper.TeamMapperTest
]]></system-out>
  <system-err><![CDATA[]]></system-err>
</testsuite>
