<?xml version="1.0" encoding="UTF-8"?>
<testsuite name="com.CricketGame.GameOfCricket.testServices.BatsmanStatsServiceTest" tests="1" skipped="0" failures="0" errors="0" timestamp="2023-03-10T08:50:16" hostname="MBP-HXVMVF2DJC" time="0.004">
  <properties/>
  <testcase name="saveBatsmanStatsTest()" classname="com.CricketGame.GameOfCricket.testServices.BatsmanStatsServiceTest" time="0.004"/>
  <system-out><![CDATA[2023-03-10T14:20:16.792+05:30  INFO 78083 --- [    Test worker] t.c.s.AnnotationConfigContextLoaderUtils : Could not detect default configuration classes for test class [com.CricketGame.GameOfCricket.testServices.BatsmanStatsServiceTest]: BatsmanStatsServiceTest does not declare any static, non-private, non-final, nested classes annotated with @Configuration.
2023-03-10T14:20:16.793+05:30  INFO 78083 --- [    Test worker] .b.t.c.SpringBootTestContextBootstrapper : Found @SpringBootConfiguration com.CricketGame.GameOfCricket.GameOfCricketApplication for test class com.CricketGame.GameOfCricket.testServices.BatsmanStatsServiceTest
]]></system-out>
  <system-err><![CDATA[]]></system-err>
</testsuite>
