<?xml version="1.0" encoding="UTF-8"?>
<testsuite name="com.CricketGame.GameOfCricket.testCoinTosser.CoinTosserTest" tests="1" skipped="0" failures="0" errors="0" timestamp="2023-03-10T11:17:52" hostname="MBP-HXVMVF2DJC" time="0.013">
  <properties/>
  <testcase name="testCoinTossing()" classname="com.CricketGame.GameOfCricket.testCoinTosser.CoinTosserTest" time="0.013"/>
  <system-out><![CDATA[2023-03-10T16:47:52.530+05:30  INFO 82351 --- [    Test worker] t.c.s.AnnotationConfigContextLoaderUtils : Could not detect default configuration classes for test class [com.CricketGame.GameOfCricket.testCoinTosser.CoinTosserTest]: CoinTosserTest does not declare any static, non-private, non-final, nested classes annotated with @Configuration.
2023-03-10T16:47:52.534+05:30  INFO 82351 --- [    Test worker] .b.t.c.SpringBootTestContextBootstrapper : Found @SpringBootConfiguration com.CricketGame.GameOfCricket.GameOfCricketApplication for test class com.CricketGame.GameOfCricket.testCoinTosser.CoinTosserTest
]]></system-out>
  <system-err><![CDATA[]]></system-err>
</testsuite>
