<?xml version="1.0" encoding="UTF-8"?>
<testsuite name="com.CricketGame.GameOfCricket.testMapper.PlayerMapperTest" tests="2" skipped="0" failures="0" errors="0" timestamp="2023-03-10T08:50:16" hostname="MBP-HXVMVF2DJC" time="0.004">
  <properties/>
  <testcase name="toPlayerDtoTest()" classname="com.CricketGame.GameOfCricket.testMapper.PlayerMapperTest" time="0.002"/>
  <testcase name="toPlayerTest()" classname="com.CricketGame.GameOfCricket.testMapper.PlayerMapperTest" time="0.001"/>
  <system-out><![CDATA[2023-03-10T14:20:16.742+05:30  INFO 78083 --- [    Test worker] t.c.s.AnnotationConfigContextLoaderUtils : Could not detect default configuration classes for test class [com.CricketGame.GameOfCricket.testMapper.PlayerMapperTest]: PlayerMapperTest does not declare any static, non-private, non-final, nested classes annotated with @Configuration.
2023-03-10T14:20:16.743+05:30  INFO 78083 --- [    Test worker] .b.t.c.SpringBootTestContextBootstrapper : Found @SpringBootConfiguration com.CricketGame.GameOfCricket.GameOfCricketApplication for test class com.CricketGame.GameOfCricket.testMapper.PlayerMapperTest
]]></system-out>
  <system-err><![CDATA[]]></system-err>
</testsuite>
