<?xml version="1.0" encoding="UTF-8"?>
<testsuite name="com.CricketGame.GameOfCricket.testServices.BallServiceTest" tests="1" skipped="0" failures="0" errors="0" timestamp="2023-03-10T12:37:12" hostname="MBP-HXVMVF2DJC" time="0.004">
  <properties/>
  <testcase name="testSaveBall()" classname="com.CricketGame.GameOfCricket.testServices.BallServiceTest" time="0.004"/>
  <system-out><![CDATA[]]></system-out>
  <system-err><![CDATA[]]></system-err>
</testsuite>
